Removed Pin From Net: NetName=OUT_BLU1 Pin=P1-1
Removed Pin From Net: NetName=OUT_BLU1 Pin=P1-1
Removed Pin From Net: NetName=OUT_GRE1 Pin=P1-2
Removed Pin From Net: NetName=OUT_GRE1 Pin=P1-2
Removed Pin From Net: NetName=OUT_RED1 Pin=P1-3
Removed Pin From Net: NetName=OUT_RED1 Pin=P1-3
Removed Pin From Net: NetName=24V Pin=P1-4
Removed Pin From Net: NetName=OUT_BLU2 Pin=P2-1
Removed Pin From Net: NetName=OUT_BLU2 Pin=P2-1
Removed Pin From Net: NetName=OUT_GRE2 Pin=P2-2
Removed Pin From Net: NetName=OUT_GRE2 Pin=P2-2
Removed Pin From Net: NetName=OUT_RED2 Pin=P2-3
Removed Pin From Net: NetName=OUT_RED2 Pin=P2-3
Removed Pin From Net: NetName=24V Pin=P2-4
Removed Pin From Net: NetName=OUT_BLU3 Pin=P3-1
Removed Pin From Net: NetName=OUT_BLU3 Pin=P3-1
Removed Pin From Net: NetName=OUT_GRE3 Pin=P3-2
Removed Pin From Net: NetName=OUT_GRE3 Pin=P3-2
Removed Pin From Net: NetName=OUT_RED3 Pin=P3-3
Removed Pin From Net: NetName=OUT_RED3 Pin=P3-3
Removed Pin From Net: NetName=24V Pin=P3-4
Removed Pin From Net: NetName=OUT_BLU4 Pin=P4-1
Removed Pin From Net: NetName=OUT_BLU4 Pin=P4-1
Removed Pin From Net: NetName=OUT_GRE4 Pin=P4-2
Removed Pin From Net: NetName=OUT_GRE4 Pin=P4-2
Removed Pin From Net: NetName=OUT_RED4 Pin=P4-3
Removed Pin From Net: NetName=OUT_RED4 Pin=P4-3
Removed Pin From Net: NetName=24V Pin=P4-4
Removed Pin From Net: NetName=OUT_BLU5 Pin=P5-1
Removed Pin From Net: NetName=OUT_BLU5 Pin=P5-1
Removed Pin From Net: NetName=OUT_GRE5 Pin=P5-2
Removed Pin From Net: NetName=OUT_GRE5 Pin=P5-2
Removed Pin From Net: NetName=OUT_RED5 Pin=P5-3
Removed Pin From Net: NetName=OUT_RED5 Pin=P5-3
Removed Pin From Net: NetName=24V Pin=P5-4
Removed Pin From Net: NetName=OUT_BLU6 Pin=P6-1
Removed Pin From Net: NetName=OUT_BLU6 Pin=P6-1
Removed Pin From Net: NetName=OUT_GRE6 Pin=P6-2
Removed Pin From Net: NetName=OUT_GRE6 Pin=P6-2
Removed Pin From Net: NetName=OUT_RED6 Pin=P6-3
Removed Pin From Net: NetName=OUT_RED6 Pin=P6-3
Removed Pin From Net: NetName=24V Pin=P6-4
Removed Pin From Net: NetName=OUT_BLU7 Pin=P7-1
Removed Pin From Net: NetName=OUT_BLU7 Pin=P7-1
Removed Pin From Net: NetName=OUT_GRE7 Pin=P7-2
Removed Pin From Net: NetName=OUT_GRE7 Pin=P7-2
Removed Pin From Net: NetName=OUT_RED7 Pin=P7-3
Removed Pin From Net: NetName=OUT_RED7 Pin=P7-3
Removed Pin From Net: NetName=24V Pin=P7-4
Removed Pin From Net: NetName=OUT_BLU8 Pin=P8-1
Removed Pin From Net: NetName=OUT_BLU8 Pin=P8-1
Removed Pin From Net: NetName=OUT_GRE8 Pin=P8-2
Removed Pin From Net: NetName=OUT_GRE8 Pin=P8-2
Removed Pin From Net: NetName=OUT_RED8 Pin=P8-3
Removed Pin From Net: NetName=OUT_RED8 Pin=P8-3
Removed Pin From Net: NetName=24V Pin=P8-4
Added Pin To Net: NetName=24V Pin=P1-1
Added Pin To Net: NetName=24V Pin=P1-1
Added Pin To Net: NetName=OUT_RED1 Pin=P1-2
Added Pin To Net: NetName=OUT_RED1 Pin=P1-2
Added Pin To Net: NetName=OUT_GRE1 Pin=P1-3
Added Pin To Net: NetName=OUT_GRE1 Pin=P1-3
Added Pin To Net: NetName=OUT_BLU1 Pin=P1-4
Added Pin To Net: NetName=24V Pin=P2-1
Added Pin To Net: NetName=24V Pin=P2-1
Added Pin To Net: NetName=OUT_RED2 Pin=P2-2
Added Pin To Net: NetName=OUT_RED2 Pin=P2-2
Added Pin To Net: NetName=OUT_GRE2 Pin=P2-3
Added Pin To Net: NetName=OUT_GRE2 Pin=P2-3
Added Pin To Net: NetName=OUT_BLU2 Pin=P2-4
Added Pin To Net: NetName=24V Pin=P3-1
Added Pin To Net: NetName=24V Pin=P3-1
Added Pin To Net: NetName=OUT_RED3 Pin=P3-2
Added Pin To Net: NetName=OUT_RED3 Pin=P3-2
Added Pin To Net: NetName=OUT_GRE3 Pin=P3-3
Added Pin To Net: NetName=OUT_GRE3 Pin=P3-3
Added Pin To Net: NetName=OUT_BLU3 Pin=P3-4
Added Pin To Net: NetName=24V Pin=P4-1
Added Pin To Net: NetName=24V Pin=P4-1
Added Pin To Net: NetName=OUT_RED4 Pin=P4-2
Added Pin To Net: NetName=OUT_RED4 Pin=P4-2
Added Pin To Net: NetName=OUT_GRE4 Pin=P4-3
Added Pin To Net: NetName=OUT_GRE4 Pin=P4-3
Added Pin To Net: NetName=OUT_BLU4 Pin=P4-4
Added Pin To Net: NetName=24V Pin=P5-1
Added Pin To Net: NetName=24V Pin=P5-1
Added Pin To Net: NetName=OUT_RED5 Pin=P5-2
Added Pin To Net: NetName=OUT_RED5 Pin=P5-2
Added Pin To Net: NetName=OUT_GRE5 Pin=P5-3
Added Pin To Net: NetName=OUT_GRE5 Pin=P5-3
Added Pin To Net: NetName=OUT_BLU5 Pin=P5-4
Added Pin To Net: NetName=24V Pin=P6-1
Added Pin To Net: NetName=24V Pin=P6-1
Added Pin To Net: NetName=OUT_RED6 Pin=P6-2
Added Pin To Net: NetName=OUT_RED6 Pin=P6-2
Added Pin To Net: NetName=OUT_GRE6 Pin=P6-3
Added Pin To Net: NetName=OUT_GRE6 Pin=P6-3
Added Pin To Net: NetName=OUT_BLU6 Pin=P6-4
Added Pin To Net: NetName=24V Pin=P7-1
Added Pin To Net: NetName=24V Pin=P7-1
Added Pin To Net: NetName=OUT_RED7 Pin=P7-2
Added Pin To Net: NetName=OUT_RED7 Pin=P7-2
Added Pin To Net: NetName=OUT_GRE7 Pin=P7-3
Added Pin To Net: NetName=OUT_GRE7 Pin=P7-3
Added Pin To Net: NetName=OUT_BLU7 Pin=P7-4
Added Pin To Net: NetName=24V Pin=P8-1
Added Pin To Net: NetName=24V Pin=P8-1
Added Pin To Net: NetName=OUT_RED8 Pin=P8-2
Added Pin To Net: NetName=OUT_RED8 Pin=P8-2
Added Pin To Net: NetName=OUT_GRE8 Pin=P8-3
Added Pin To Net: NetName=OUT_GRE8 Pin=P8-3
Added Pin To Net: NetName=OUT_BLU8 Pin=P8-4
