Change Component Designator: Old Designator=IC? New Designator=IC1
Change Component Designator: Old Designator=IC? New Designator=IC2
Change Component Designator: Old Designator=IC? New Designator=IC3
Change Component Designator: Old Designator=IDE? New Designator=IDE1
Change Component Designator: Old Designator=IDE? New Designator=IDE2
Change Component Designator: Old Designator=P? New Designator=P1
Change Component Designator: Old Designator=P? New Designator=P2
Change Component Designator: Old Designator=P? New Designator=P3
Change Component Designator: Old Designator=P? New Designator=P4
Change Component Designator: Old Designator=P? New Designator=P5
Change Component Designator: Old Designator=P? New Designator=P6
Change Component Designator: Old Designator=P? New Designator=P7
Change Component Designator: Old Designator=P? New Designator=P8
Change Component Designator: Old Designator=Q? New Designator=Q1
Change Component Designator: Old Designator=Q? New Designator=Q2
Change Component Designator: Old Designator=Q? New Designator=Q3
Change Component Designator: Old Designator=Q? New Designator=Q4
Change Component Designator: Old Designator=Q? New Designator=Q5
Change Component Designator: Old Designator=Q? New Designator=Q6
Change Component Designator: Old Designator=Q? New Designator=Q7
Change Component Designator: Old Designator=Q? New Designator=Q8
Change Component Designator: Old Designator=Q? New Designator=Q9
Change Component Designator: Old Designator=Q? New Designator=Q10
Change Component Designator: Old Designator=Q? New Designator=Q11
Change Component Designator: Old Designator=Q? New Designator=Q12
Change Component Designator: Old Designator=Q? New Designator=Q13
Change Component Designator: Old Designator=Q? New Designator=Q14
Change Component Designator: Old Designator=Q? New Designator=Q15
Change Component Designator: Old Designator=Q? New Designator=Q16
Change Component Designator: Old Designator=Q? New Designator=Q17
Change Component Designator: Old Designator=Q? New Designator=Q18
Change Component Designator: Old Designator=Q? New Designator=Q19
Change Component Designator: Old Designator=Q? New Designator=Q20
Change Component Designator: Old Designator=Q? New Designator=Q21
Change Component Designator: Old Designator=Q? New Designator=Q22
Change Component Designator: Old Designator=Q? New Designator=Q23
Change Component Designator: Old Designator=Q? New Designator=Q24
Change Component Designator: Old Designator=R? New Designator=R1
Change Component Designator: Old Designator=R? New Designator=R2
Change Component Designator: Old Designator=R? New Designator=R3
Change Component Designator: Old Designator=R? New Designator=R4
Change Component Designator: Old Designator=R? New Designator=R5
Change Component Designator: Old Designator=R? New Designator=R6
Change Component Designator: Old Designator=R? New Designator=R7
Change Component Designator: Old Designator=R? New Designator=R8
Change Component Designator: Old Designator=R? New Designator=R9
Change Component Designator: Old Designator=R? New Designator=R10
Change Component Designator: Old Designator=R? New Designator=R11
Change Component Designator: Old Designator=R? New Designator=R12
Change Component Designator: Old Designator=R? New Designator=R13
Change Component Designator: Old Designator=R? New Designator=R14
Change Component Designator: Old Designator=R? New Designator=R15
Change Component Designator: Old Designator=R? New Designator=R16
Change Component Designator: Old Designator=R? New Designator=R17
Change Component Designator: Old Designator=R? New Designator=R18
Change Component Designator: Old Designator=R? New Designator=R19
Change Component Designator: Old Designator=R? New Designator=R20
Change Component Designator: Old Designator=R? New Designator=R21
Change Component Designator: Old Designator=R? New Designator=R22
Change Component Designator: Old Designator=R? New Designator=R23
Change Component Designator: Old Designator=R? New Designator=R24
Change Component Designator: Old Designator=R? New Designator=R25
Change Component Designator: Old Designator=R? New Designator=R26
Change Component Designator: Old Designator=R? New Designator=R27
Change Component Designator: Old Designator=R? New Designator=R28
Change Component Designator: Old Designator=R? New Designator=R29
Change Component Designator: Old Designator=R? New Designator=R30
Change Component Designator: Old Designator=R? New Designator=R31
Change Component Designator: Old Designator=R? New Designator=R32
Change Component Designator: Old Designator=R? New Designator=R33
Change Component Designator: Old Designator=R? New Designator=R34
Change Component Designator: Old Designator=R? New Designator=R35
Change Component Designator: Old Designator=R? New Designator=R36
Change Component Designator: Old Designator=R? New Designator=R37
Change Component Designator: Old Designator=R? New Designator=R38
Change Component Designator: Old Designator=R? New Designator=R39
Change Component Designator: Old Designator=R? New Designator=R40
Change Component Designator: Old Designator=R? New Designator=R41
Change Component Designator: Old Designator=R? New Designator=R42
Change Component Designator: Old Designator=R? New Designator=R43
Change Component Designator: Old Designator=R? New Designator=R44
Change Component Designator: Old Designator=R? New Designator=R45
Change Component Designator: Old Designator=R? New Designator=R46
Change Component Designator: Old Designator=R? New Designator=R47
Change Component Designator: Old Designator=R? New Designator=R48
Change Component Designator: Old Designator=U? New Designator=U1
